<?xml version="1.0" encoding="UTF-8"?>
<!-- Generated by org.testng.reporters.JUnitXMLReporter -->
<testsuite ignored="0" hostname="DESKTOP-TNDF61A" failures="0" tests="4" name="Default test" time="203.535" errors="0" timestamp="2024-11-15T10:08:25 IST">
  <testcase classname="testpackage.Testproject" name="testverifytitle" time="63.432"/>
  <testcase classname="testpackage.Testproject" name="loginoption" time="34.418"/>
  <testcase classname="testpackage.Testproject" name="loginpagedetails" time="38.162"/>
  <testcase classname="testpackage.Testproject" name="accountinfo" time="29.891"/>
</testsuite> <!-- Default test -->
