<?xml version="1.0" encoding="UTF-8"?>
<testng-results ignored="0" total="4" passed="4" failed="0" skipped="0">
  <reporter-output>
  </reporter-output>
  <suite started-at="2024-11-15T10:05:00 IST" name="Default suite" finished-at="2024-11-15T10:08:24 IST" duration-ms="203535">
    <groups>
    </groups>
    <test started-at="2024-11-15T10:05:00 IST" name="Default test" finished-at="2024-11-15T10:08:24 IST" duration-ms="203535">
      <class name="testpackage.Testproject">
        <test-method is-config="true" signature="setup()[pri:0, instance:testpackage.Testproject@449a4f23]" started-at="2024-11-15T10:05:01 IST" name="setup" finished-at="2024-11-15T10:05:37 IST" duration-ms="36696" status="PASS">
          <reporter-output>
          </reporter-output>
        </test-method> <!-- setup -->
        <test-method signature="testverifytitle()[pri:1, instance:testpackage.Testproject@449a4f23]" started-at="2024-11-15T10:05:38 IST" name="testverifytitle" finished-at="2024-11-15T10:06:41 IST" duration-ms="63432" status="PASS">
          <reporter-output>
          </reporter-output>
        </test-method> <!-- testverifytitle -->
        <test-method signature="loginoption()[pri:2, instance:testpackage.Testproject@449a4f23]" started-at="2024-11-15T10:06:41 IST" name="loginoption" finished-at="2024-11-15T10:07:16 IST" duration-ms="34418" status="PASS">
          <reporter-output>
          </reporter-output>
        </test-method> <!-- loginoption -->
        <test-method signature="loginpagedetails()[pri:3, instance:testpackage.Testproject@449a4f23]" started-at="2024-11-15T10:07:16 IST" name="loginpagedetails" finished-at="2024-11-15T10:07:54 IST" duration-ms="38162" status="PASS">
          <reporter-output>
          </reporter-output>
        </test-method> <!-- loginpagedetails -->
        <test-method signature="accountinfo()[pri:4, instance:testpackage.Testproject@449a4f23]" started-at="2024-11-15T10:07:54 IST" name="accountinfo" finished-at="2024-11-15T10:08:24 IST" duration-ms="29891" status="PASS">
          <reporter-output>
          </reporter-output>
        </test-method> <!-- accountinfo -->
      </class> <!-- testpackage.Testproject -->
    </test> <!-- Default test -->
  </suite> <!-- Default suite -->
</testng-results>
